<?xml version="1.0" encoding="utf-8"?><testsuites name="pytest tests"><testsuite name="pytest" errors="0" failures="0" skipped="0" tests="14" time="2.431" timestamp="2026-04-11T14:15:57.563790+00:00" hostname="agent-env-972a7569-11d6-4fbe-bb7e-1e82bebcb559"><testcase classname="tests.test_thai2drive_api.TestDatabaseSeeding" name="test_seed_database" time="0.222" /><testcase classname="tests.test_thai2drive_api.TestCategories" name="test_get_categories_returns_5_categories" time="0.141" /><testcase classname="tests.test_thai2drive_api.TestQuestions" name="test_get_random_questions_count_10" time="0.143" /><testcase classname="tests.test_thai2drive_api.TestQuestions" name="test_get_random_questions_with_category" time="0.107" /><testcase classname="tests.test_thai2drive_api.TestProgress" name="test_get_progress_creates_new_if_not_exists" time="0.106" /><testcase classname="tests.test_thai2drive_api.TestProgress" name="test_update_progress_correct_answer" time="0.279" /><testcase classname="tests.test_thai2drive_api.TestProgress" name="test_update_progress_incorrect_answer" time="0.348" /><testcase classname="tests.test_thai2drive_api.TestBookmarks" name="test_create_bookmark" time="0.219" /><testcase classname="tests.test_thai2drive_api.TestBookmarks" name="test_get_bookmarks" time="0.149" /><testcase classname="tests.test_thai2drive_api.TestBookmarks" name="test_get_bookmarked_questions" time="0.106" /><testcase classname="tests.test_thai2drive_api.TestQuizAttempts" name="test_save_quiz_attempt" time="0.127" /><testcase classname="tests.test_thai2drive_api.TestQuizAttempts" name="test_get_quiz_attempts" time="0.105" /><testcase classname="tests.test_thai2drive_api.TestExamMode" name="test_exam_mode_45_questions" time="0.197" /><testcase classname="tests.test_thai2drive_api.TestExamMode" name="test_exam_attempt_with_pass_status" time="0.095" /></testsuite></testsuites>